2026-06-18 18:57:14+0800: Running with following config:
allowResignation = true
lagBuffer = 1.0
logAllGTPCommunication = true
logDir = gtp_logs
logSearchInfo = true
logSearchInfoForChosenMove = false
logToStderr = false
maxTimePondering = 60.0
maxVisits = 500
numSearchThreads = 6
ponderingEnabled = false
resignConsecTurns = 3
resignThreshold = -0.90
rules = tromp-taylor
searchFactorAfterOnePass = 0.50
searchFactorAfterTwoPass = 0.25
searchFactorWhenWinning = 0.40
searchFactorWhenWinningThreshold = 0.95

2026-06-18 18:57:14+0800: GTP Engine starting...
2026-06-18 18:57:14+0800: KataGo v1.16.4
2026-06-18 18:57:14+0800: Using TrompTaylor rules initially, unless GTP/GUI overrides this
2026-06-18 18:57:14+0800: Using 6 CPU thread(s) for search
2026-06-18 18:57:14+0800: nnRandSeed0 = 14383463747084661111
2026-06-18 18:57:14+0800: After dedups: nnModelFile0 = /opt/homebrew/share/katago/g170e-b20c256x2-s5303129600-d1228401921.bin.gz useFP16 auto useNHWC auto
2026-06-18 18:57:14+0800: Initializing neural net buffer to be size 19 * 19 exactly
2026-06-18 18:57:15+0800: Loaded neural net with nnXLen 19 nnYLen 19
2026-06-18 18:57:15+0800: Initializing board with boardXSize 19 boardYSize 19
2026-06-18 18:57:15+0800: Loaded config /opt/homebrew/share/katago/configs/gtp_example.cfg
2026-06-18 18:57:15+0800: Loaded model /opt/homebrew/share/katago/g170e-b20c256x2-s5303129600-d1228401921.bin.gz
2026-06-18 18:57:15+0800: Model name: g170-b20c256x2-s5303129600-d1228401921
2026-06-18 18:57:15+0800: GTP ready, beginning main protocol loop
2026-06-18 18:57:15+0800: Controller: list_commands
2026-06-18 18:57:15+0800: = protocol_version
name
version
known_command
list_commands
quit
boardsize
rectangular_boardsize
clear_board
set_position
komi
get_komi
play
undo
kata-get-rules
kata-set-rule
kata-set-rules
kata-get-models
kata-get-param
kata-set-param
kata-list-params
kgs-rules
genmove
kata-search
kata-search_cancellable
genmove_debug
kata-search_debug
clear_cache
showboard
fixed_handicap
place_free_handicap
set_free_handicap
time_settings
kgs-time_settings
time_left
kata-list_time_settings
kata-time_settings
final_score
final_status_list
loadsgf
printsgf
lz-genmove_analyze
kata-genmove_analyze
kata-search_analyze
kata-search_analyze_cancellable
lz-analyze
kata-analyze
kata-raw-nn
kata-raw-human-nn
cputime
gomill-cpu_time
kata-benchmark
kata-debug-print-tc
debug_moves
stop
2026-06-18 18:57:15+0800: GPU -1 finishing, processed 0 rows 0 batches
2026-06-18 18:57:15+0800: All cleaned up, quitting
