2026-06-18 18:43:21+0800: Running with following config:
allowResignation = true
lagBuffer = 1.0
logAllGTPCommunication = true
logDir = gtp_logs
logSearchInfo = true
logSearchInfoForChosenMove = false
logToStderr = false
maxTimePondering = 60.0
maxVisits = 500
numSearchThreads = 6
ponderingEnabled = false
resignConsecTurns = 3
resignThreshold = -0.90
rules = tromp-taylor
searchFactorAfterOnePass = 0.50
searchFactorAfterTwoPass = 0.25
searchFactorWhenWinning = 0.40
searchFactorWhenWinningThreshold = 0.95

2026-06-18 18:43:21+0800: GTP Engine starting...
2026-06-18 18:43:21+0800: KataGo v1.16.4
2026-06-18 18:43:21+0800: Using TrompTaylor rules initially, unless GTP/GUI overrides this
2026-06-18 18:43:21+0800: Using 6 CPU thread(s) for search
2026-06-18 18:43:21+0800: nnRandSeed0 = 10682429076443142053
2026-06-18 18:43:21+0800: After dedups: nnModelFile0 = /opt/homebrew/share/katago/g170e-b20c256x2-s5303129600-d1228401921.bin.gz useFP16 auto useNHWC auto
2026-06-18 18:43:21+0800: Initializing neural net buffer to be size 19 * 19 exactly
2026-06-18 18:43:21+0800: Loaded neural net with nnXLen 19 nnYLen 19
2026-06-18 18:43:21+0800: Initializing board with boardXSize 19 boardYSize 19
2026-06-18 18:43:21+0800: Loaded config /opt/homebrew/share/katago/configs/gtp_example.cfg
2026-06-18 18:43:21+0800: Loaded model /opt/homebrew/share/katago/g170e-b20c256x2-s5303129600-d1228401921.bin.gz
2026-06-18 18:43:21+0800: Model name: g170-b20c256x2-s5303129600-d1228401921
2026-06-18 18:43:21+0800: GTP ready, beginning main protocol loop
2026-06-18 18:43:21+0800: Controller: boardsize 9
2026-06-18 18:43:21+0800: GPU -1 finishing, processed 0 rows 0 batches
2026-06-18 18:43:21+0800: Cleaned up old neural net and bot
2026-06-18 18:43:21+0800: nnRandSeed0 = 2402635160438716838
2026-06-18 18:43:21+0800: After dedups: nnModelFile0 = /opt/homebrew/share/katago/g170e-b20c256x2-s5303129600-d1228401921.bin.gz useFP16 auto useNHWC auto
2026-06-18 18:43:21+0800: Initializing neural net buffer to be size 9 * 9 exactly
2026-06-18 18:43:22+0800: Loaded neural net with nnXLen 9 nnYLen 9
2026-06-18 18:43:22+0800: Initializing board with boardXSize 9 boardYSize 9
2026-06-18 18:43:22+0800: = 
2026-06-18 18:43:22+0800: Controller: komi 7.5
2026-06-18 18:43:22+0800: = 
2026-06-18 18:43:22+0800: Controller: clear_board
2026-06-18 18:43:22+0800: = 
2026-06-18 18:46:39+0800: Controller: clear_board
2026-06-18 18:46:39+0800: = 
2026-06-18 18:46:40+0800: Controller: clear_board
2026-06-18 18:46:40+0800: = 
2026-06-18 18:47:36+0800: GPU -1 finishing, processed 0 rows 0 batches
2026-06-18 18:47:36+0800: All cleaned up, quitting
