2026-06-18 18:56:55+0800: Running with following config:
allowResignation = true
lagBuffer = 1.0
logAllGTPCommunication = true
logDir = gtp_logs
logSearchInfo = true
logSearchInfoForChosenMove = false
logToStderr = false
maxTimePondering = 60.0
maxVisits = 500
numSearchThreads = 6
ponderingEnabled = false
resignConsecTurns = 3
resignThreshold = -0.90
rules = tromp-taylor
searchFactorAfterOnePass = 0.50
searchFactorAfterTwoPass = 0.25
searchFactorWhenWinning = 0.40
searchFactorWhenWinningThreshold = 0.95

2026-06-18 18:56:55+0800: GTP Engine starting...
2026-06-18 18:56:55+0800: KataGo v1.16.4
2026-06-18 18:56:55+0800: Using TrompTaylor rules initially, unless GTP/GUI overrides this
2026-06-18 18:56:55+0800: Using 6 CPU thread(s) for search
2026-06-18 18:56:55+0800: nnRandSeed0 = 7870422311829984765
2026-06-18 18:56:55+0800: After dedups: nnModelFile0 = /opt/homebrew/share/katago/g170e-b20c256x2-s5303129600-d1228401921.bin.gz useFP16 auto useNHWC auto
2026-06-18 18:56:55+0800: Initializing neural net buffer to be size 19 * 19 exactly
2026-06-18 18:56:56+0800: Loaded neural net with nnXLen 19 nnYLen 19
2026-06-18 18:56:56+0800: Initializing board with boardXSize 19 boardYSize 19
2026-06-18 18:56:56+0800: Loaded config /opt/homebrew/share/katago/configs/gtp_example.cfg
2026-06-18 18:56:56+0800: Loaded model /opt/homebrew/share/katago/g170e-b20c256x2-s5303129600-d1228401921.bin.gz
2026-06-18 18:56:56+0800: Model name: g170-b20c256x2-s5303129600-d1228401921
2026-06-18 18:56:56+0800: GTP ready, beginning main protocol loop
2026-06-18 18:56:56+0800: Controller: boardsize 9
2026-06-18 18:56:56+0800: GPU -1 finishing, processed 0 rows 0 batches
2026-06-18 18:56:56+0800: Cleaned up old neural net and bot
2026-06-18 18:56:56+0800: nnRandSeed0 = 9300980761236595921
2026-06-18 18:56:56+0800: After dedups: nnModelFile0 = /opt/homebrew/share/katago/g170e-b20c256x2-s5303129600-d1228401921.bin.gz useFP16 auto useNHWC auto
2026-06-18 18:56:56+0800: Initializing neural net buffer to be size 9 * 9 exactly
2026-06-18 18:56:56+0800: Loaded neural net with nnXLen 9 nnYLen 9
2026-06-18 18:56:56+0800: Initializing board with boardXSize 9 boardYSize 9
2026-06-18 18:56:56+0800: = 
2026-06-18 18:56:56+0800: Controller: komi 7.5
2026-06-18 18:56:56+0800: = 
2026-06-18 18:56:56+0800: Controller: clear_board
2026-06-18 18:56:56+0800: = 
2026-06-18 18:57:01+0800: Controller: play black C7
2026-06-18 18:57:01+0800: = 
2026-06-18 18:57:01+0800: Controller: play black D6
2026-06-18 18:57:01+0800: = 
2026-06-18 18:57:01+0800: Controller: play black E5
2026-06-18 18:57:01+0800: = 
2026-06-18 18:57:01+0800: Controller: play black F4
2026-06-18 18:57:01+0800: = 
2026-06-18 18:57:01+0800: Controller: play black G3
2026-06-18 18:57:01+0800: = 
2026-06-18 18:57:01+0800: Controller: genmove white
2026-06-18 18:57:02+0800: MoveNum: 1 HASH: 03917F7FFCD2D9B99B277D09ADB53E71
   A B C D E F G H J
 9 . . . . . . . . .
 8 . . . . . . . . .
 7 . . X . . . . . .
 6 . . . X . . . . .
 5 . . . . X . . . .
 4 . . . . . X . . .
 3 . . @ . . . X1. .
 2 . . . . . . . . .
 1 . . . . . . . . .

koPOSITIONALscoreAREAtaxNONEsui1komi7.5
Time taken: 1.57823
Root visits: 505
New playouts: 505
NN rows: 475
NN batches: 159
NN avg batch size: 2.98742
PlayoutDoublingAdvantage: 2.75
PV: C3 B4 G7 H6 E7 H7 B3
Tree:
: T -121.39c W -99.60c S -21.57c (-54.8 L -56.6) N     505  --  C3 B4 G7 H6 E7 H7 B3
---White(^)---
C3  : T -121.12c W -99.59c S -21.32c (-54.7 L -56.5) LCB -122.01c P 15.30% WF 463.3 PSV     463 N     463  --  C3 B4 G7 H6 E7 H7 B3
C4  : T -123.66c W -99.64c S -23.83c (-56.1 L -57.7) LCB -126.06c P  5.96% WF  19.7 PSV      18 N      20  --  C4 C2 G7 F8 G5
C5  : T -126.69c W -99.77c S -26.59c (-58.1 L -59.6) LCB -135.57c P  6.19% WF   8.8 PSV       9 N       9  --  C5 C3 E7 G7 G6
B3  : T -125.57c W -99.65c S -26.05c (-58.6 L -60.1) LCB -168.46c P  2.59% WF   3.9 PSV       4 N       4  --  B3 C2 G7
B5  : T -124.81c W -99.70c S -25.36c (-57.7 L -59.4) LCB -198.62c P  1.69% WF   3.0 PSV       3 N       3  --  B5 C3 G7
B7  : T -123.39c W -99.71c S -23.14c (-54.5 L -56.2) LCB -272.34c P  0.38% WF   2.0 PSV       1 N       2  --  B7 B6
B4  : T -127.44c W -99.77c S -27.67c (-59.9 L -61.8) LCB -477.44c P  0.76% WF   1.0 PSV       1 N       1  --  B4
B6  : T -123.48c W -99.75c S -23.73c (-55.7 L -57.6) LCB -473.48c P  0.47% WF   1.0 PSV       1 N       1  --  B6
D4  : T -123.81c W -99.74c S -24.07c (-55.3 L -57.1) LCB -473.81c P  0.37% WF   1.0 PSV       1 N       1  --  D4

2026-06-18 18:57:02+0800: = C3
2026-06-18 18:57:02+0800: Controller: play black pass
2026-06-18 18:57:02+0800: = 
2026-06-18 18:57:02+0800: Controller: genmove white
2026-06-18 18:57:03+0800: MoveNum: 3 HASH: 58E2CAE9B15ED8E44F4A3047B351723B
   A B C D E F G H J
 9 . . . . . . . . .
 8 . . . . . . . . .
 7 . . X . . . @ . .
 6 . . . X . . . . .
 5 . . . . X . . . .
 4 . . . . . X . . .
 3 . . O2. . . X1. .
 2 . . . . . . . . .
 1 . . . . . . . . .

koPOSITIONALscoreAREAtaxNONEsui1komi7.5
Time taken: 0.65283
Root visits: 255
New playouts: 255
NN rows: 236
NN batches: 80
NN avg batch size: 2.95
PlayoutDoublingAdvantage: 2.75
PV: G7 H6 G5 H5 E7 B4
Tree:
: T -119.47c W -99.84c S -19.27c (-32.4 L -32.8) N     255  --  G7 H6 G5 H5 E7 B4
---White(^)---
G7  : T -119.35c W -99.87c S -19.08c (-32.0 L -32.6) LCB -120.46c P 17.12% WF  82.0 PSV      97 N      82  --  G7 H6 G5 H5 E7 B4
B5  : T -119.20c W -99.83c S -19.15c (-32.0 L -32.5) LCB -120.98c P  9.92% WF  55.1 PSV      54 N      55  --  B5 D2 C2 B6 C5 E7 E2
C5  : T -119.67c W -99.81c S -19.54c (-32.5 L -33.0) LCB -121.21c P 13.64% WF  65.9 PSV      53 N      66  --  C5 D2 G7 F8 G8 H6
F7  : T -118.80c W -99.84c S -18.48c (-32.6 L -32.9) LCB -121.29c P  2.16% WF  28.1 PSV      18 N      28  --  F7 B4 G5 H5 H6 H4
E7  : T -120.20c W -99.84c S -20.12c (-33.6 L -34.1) LCB -129.37c P  1.93% WF   8.0 PSV       5 N       8  --  E7 D2 G7 H6 C5
B6  : T -123.45c W -99.76c S -22.84c (-36.2 L -36.2) LCB -151.20c P  4.73% WF   4.9 PSV       5 N       5  --  B6 B4 C4
E8  : T -119.98c W -99.85c S -19.97c (-32.8 L -33.3) LCB -139.50c P  1.40% WF   6.0 PSV       4 N       6  --  E8 B4 G7 H6
G8  : T -120.82c W -99.92c S -21.04c (-33.9 L -34.1) LCB -194.63c P  1.34% WF   3.0 PSV       3 N       3  --  G8 H7
B4  : T -122.36c W -99.66c S -22.69c (-35.4 L -35.5) LCB -472.36c P  1.13% WF   1.0 PSV       1 N       1  --  B4
pss : T -133.04c W -99.62c S -33.42c (-57.8 L -59.7) LCB -1400.00c P  0.01% WF   0.0 PSV       0 N       1  --  pass

2026-06-18 18:57:03+0800: = G7
2026-06-18 18:57:03+0800: Controller: play black pass
2026-06-18 18:57:03+0800: = 
2026-06-18 18:57:03+0800: Controller: genmove white
2026-06-18 18:57:03+0800: MoveNum: 5 HASH: 35575AF1B97E6B4220BEA031BED341C3
   A B C D E F G H J
 9 . . . . . . . . .
 8 . . . . . . . . .
 7 . . X . . . O2. .
 6 . . . X . . . . .
 5 . . @ . X . . . .
 4 . . . . . X . . .
 3 . . O . . . X . .
 2 . . . . . . . . .
 1 . . . . . . . . .

koPOSITIONALscoreAREAtaxNONEsui1komi7.5
Time taken: 0.34711
Root visits: 130
New playouts: 130
NN rows: 129
NN batches: 45
NN avg batch size: 2.86667
PlayoutDoublingAdvantage: 2.75
PV: C5 F8 B7 B8 C6
Tree:
: T -113.44c W -99.49c S -13.93c (-20.9 L -21.4) N     130  --  C5 F8 B7 B8 C6
---White(^)---
C5  : T -112.34c W -99.45c S -12.93c (-20.3 L -20.8) LCB -113.71c P 13.99% WF  82.6 PSV      82 N      84  --  C5 F8 B7 B8 C6
B5  : T -114.75c W -99.52c S -15.23c (-21.5 L -22.1) LCB -116.43c P  6.18% WF  23.8 PSV       9 N      24  --  B5 F8 E3 F2 G5
B6  : T -115.16c W -99.69c S -15.04c (-21.3 L -22.1) LCB -122.60c P  0.81% WF   9.7 PSV       1 N      10  --  B6 B4 E7 B5
B7  : T -116.41c W -99.78c S -16.23c (-22.6 L -23.4) LCB -265.35c P  0.04% WF   1.7 PSV       0 N       2  --  B7 B4
B4  : T -118.98c W -99.23c S -19.75c (-24.8 L -25.0) LCB -468.98c P  0.49% WF   1.0 PSV       0 N       1  --  B4
D4  : T -117.46c W -99.29c S -18.17c (-23.4 L -23.8) LCB -467.46c P  0.06% WF   0.9 PSV       0 N       1  --  D4
C4  : T -118.81c W -99.33c S -19.48c (-24.5 L -25.4) LCB -468.81c P  0.03% WF   0.8 PSV       0 N       1  --  C4
C6  : T -118.38c W -99.66c S -18.71c (-23.6 L -24.0) LCB -468.38c P  0.03% WF   0.8 PSV       0 N       1  --  C6
D5  : T -117.57c W -99.53c S -18.04c (-23.9 L -23.9) LCB -467.57c P  0.03% WF   0.8 PSV       0 N       1  --  D5
B8  : T -118.41c W -99.60c S -18.82c (-24.3 L -24.5) LCB -468.41c P  0.03% WF   0.8 PSV       0 N       1  --  B8

2026-06-18 18:57:03+0800: = C5
2026-06-18 18:57:03+0800: Controller: play black pass
2026-06-18 18:57:03+0800: = 
2026-06-18 18:57:03+0800: Controller: genmove white
2026-06-18 18:57:04+0800: MoveNum: 7 HASH: 2CA76E6D05C7A41C5A12A6DA6B45590D
   A B C D E F G H J
 9 . . . . . . . . .
 8 . . . . . . . . .
 7 . . X . @ . O . .
 6 . . . X . . . . .
 5 . . O2. X . . . .
 4 . . . . . X . . .
 3 . . O . . . X . .
 2 . . . . . . . . .
 1 . . . . . . . . .

koPOSITIONALscoreAREAtaxNONEsui1komi7.5
Time taken: 0.455061
Root visits: 129
New playouts: 129
NN rows: 125
NN batches: 43
NN avg batch size: 2.90698
PlayoutDoublingAdvantage: 2.75
PV: E7 H6 G6 D2 D3 H5 H7 C2
Tree:
: T  -1.56c W   6.93c S  -2.03c ( -1.0 L  -0.8) N     129  --  E7 H6 G6 D2 D3 H5 H7
---White(^)---
E7  : T   1.16c W   9.49c S  -1.78c ( -0.8 L  -0.7) LCB  -18.94c P 28.95% WF  47.6 PSV      51 N      47  --  E7 H6 G6 D2 D3 H5 H7 C2
E8  : T   4.02c W  13.54c S  -1.42c ( -0.6 L  -0.5) LCB  -21.37c P 16.76% WF  45.2 PSV      44 N      44  --  E8 D2 C6 D8 E7 D7
H5  : T  -4.15c W   0.70c S  -2.72c ( -1.4 L  -1.2) LCB  -36.30c P 18.95% WF  16.7 PSV      16 N      17  --  H5 D2 D3 C2 E2 E3
G5  : T -18.27c W  -8.04c S  -3.23c ( -1.8 L  -1.5) LCB  -48.10c P 24.46% WF  12.0 PSV       9 N      13  --  G5 D2 C2 B5 B6 B4 E2
H6  : T -52.47c W -34.99c S  -5.19c ( -3.1 L  -2.4) LCB -208.95c P  9.50% WF   1.7 PSV       1 N       2  --  H6 F8
F8  : T -38.29c W -33.93c S  -4.36c ( -2.6 L  -2.1) LCB -388.29c P  0.83% WF   0.9 PSV       0 N       1  --  F8
E3  : T -96.72c W -84.75c S -11.97c ( -7.2 L  -7.7) LCB -446.72c P  0.17% WF   0.3 PSV       0 N       1  --  E3
D8  : T -40.38c W -35.94c S  -4.44c ( -2.7 L  -2.1) LCB -390.38c P  0.12% WF   0.3 PSV       0 N       1  --  D8
H4  : T -44.85c W -40.53c S  -4.33c ( -2.7 L  -2.1) LCB -394.85c P  0.09% WF   0.2 PSV       0 N       1  --  H4
E2  : T -96.68c W -84.36c S -12.32c ( -7.6 L  -8.4) LCB -446.68c P  0.06% WF   0.1 PSV       0 N       1  --  E2

2026-06-18 18:57:04+0800: = E7
2026-06-18 18:57:04+0800: Controller: play black pass
2026-06-18 18:57:04+0800: = 
2026-06-18 18:57:04+0800: Controller: genmove white
2026-06-18 18:57:04+0800: MoveNum: 9 HASH: F544C171B65D4DF612A5F01A3D59FEAE
   A B C D E F G H J
 9 . . . . . . . . .
 8 . . . . . . . . .
 7 . . X . O2. O . .
 6 . . . X . . . . .
 5 . . O . X . . . .
 4 . . . . . X . . .
 3 . . O . @ . X . .
 2 . . . . . . . . .
 1 . . . . . . . . .

koPOSITIONALscoreAREAtaxNONEsui1komi7.5
Time taken: 0.332436
Root visits: 130
New playouts: 130
NN rows: 127
NN batches: 43
NN avg batch size: 2.95349
PlayoutDoublingAdvantage: 2.625
PV: E3 H6 H7 E8 D8 F8
Tree:
: T 102.86c W  98.91c S   4.12c ( +9.8 L  +9.6) N     130  --  E3 H6 H7 E8 D8 F8
---White(^)---
E3  : T 104.75c W  99.09c S   5.84c (+10.6 L +10.4) LCB  101.48c P 25.87% WF  22.2 PSV      36 N      22  --  E3 H6 H7 E8 D8 F8
E2  : T 104.48c W  98.57c S   5.60c (+10.5 L +10.4) LCB  100.20c P 14.08% WF  24.2 PSV      24 N      24  --  E2 H6 H7 E8 D8 F8
D2  : T 103.62c W  99.05c S   4.68c (+10.0 L  +9.9) LCB   99.28c P 10.11% WF  22.1 PSV      13 N      22  --  D2 H6 H7 E8 G6 H5
B6  : T 101.78c W  99.20c S   2.97c ( +9.2 L  +9.0) LCB   99.81c P  2.42% WF  20.4 PSV       2 N      23  --  B6 H6 H7 D2 C2 E8 D8
F2  : T 100.41c W  98.18c S   2.57c ( +9.0 L  +8.8) LCB   96.01c P  1.35% WF  16.0 PSV       0 N      19  --  F2 D2 D3 E2 E3 F3
C6  : T 100.35c W  99.34c S   1.24c ( +8.4 L  +8.2) LCB   97.24c P  0.44% WF  15.8 PSV       0 N      19  --  C6 D7 H5 F8 E8
pss : T  38.55c W  48.97c S -10.42c ( +1.2 L  +0.5) LCB -1400.00c P  0.01% WF   0.0 PSV       0 N       1  --  pass

2026-06-18 18:57:04+0800: = E3
2026-06-18 18:57:04+0800: Controller: list_stones black
2026-06-18 18:57:04+0800: ? unknown command
2026-06-18 18:57:35+0800: GPU -1 finishing, processed 1092 rows 370 batches
2026-06-18 18:57:35+0800: All cleaned up, quitting
