2026-06-18 18:42:37+0800: Running with following config:
allowResignation = true
lagBuffer = 1.0
logAllGTPCommunication = true
logDir = gtp_logs
logSearchInfo = true
logSearchInfoForChosenMove = false
logToStderr = false
maxTimePondering = 60.0
maxVisits = 500
numSearchThreads = 6
ponderingEnabled = false
resignConsecTurns = 3
resignThreshold = -0.90
rules = tromp-taylor
searchFactorAfterOnePass = 0.50
searchFactorAfterTwoPass = 0.25
searchFactorWhenWinning = 0.40
searchFactorWhenWinningThreshold = 0.95

2026-06-18 18:42:37+0800: GTP Engine starting...
2026-06-18 18:42:37+0800: KataGo v1.16.4
2026-06-18 18:42:37+0800: Using TrompTaylor rules initially, unless GTP/GUI overrides this
2026-06-18 18:42:37+0800: Using 6 CPU thread(s) for search
2026-06-18 18:42:37+0800: nnRandSeed0 = 2154034835282418101
2026-06-18 18:42:37+0800: After dedups: nnModelFile0 = /opt/homebrew/share/katago/g170e-b20c256x2-s5303129600-d1228401921.bin.gz useFP16 auto useNHWC auto
2026-06-18 18:42:37+0800: Initializing neural net buffer to be size 19 * 19 exactly
2026-06-18 18:42:38+0800: Loaded neural net with nnXLen 19 nnYLen 19
2026-06-18 18:42:38+0800: Initializing board with boardXSize 19 boardYSize 19
2026-06-18 18:42:38+0800: Loaded config /opt/homebrew/share/katago/configs/gtp_example.cfg
2026-06-18 18:42:38+0800: Loaded model /opt/homebrew/share/katago/g170e-b20c256x2-s5303129600-d1228401921.bin.gz
2026-06-18 18:42:38+0800: Model name: g170-b20c256x2-s5303129600-d1228401921
2026-06-18 18:42:38+0800: GTP ready, beginning main protocol loop
2026-06-18 18:42:38+0800: Controller: boardsize 9
2026-06-18 18:42:38+0800: GPU -1 finishing, processed 0 rows 0 batches
2026-06-18 18:42:38+0800: Cleaned up old neural net and bot
2026-06-18 18:42:38+0800: nnRandSeed0 = 10273955396183529015
2026-06-18 18:42:38+0800: After dedups: nnModelFile0 = /opt/homebrew/share/katago/g170e-b20c256x2-s5303129600-d1228401921.bin.gz useFP16 auto useNHWC auto
2026-06-18 18:42:38+0800: Initializing neural net buffer to be size 9 * 9 exactly
2026-06-18 18:42:38+0800: Loaded neural net with nnXLen 9 nnYLen 9
2026-06-18 18:42:38+0800: Initializing board with boardXSize 9 boardYSize 9
2026-06-18 18:42:38+0800: = 
2026-06-18 18:42:38+0800: Controller: komi 7.5
2026-06-18 18:42:38+0800: = 
2026-06-18 18:42:38+0800: Controller: clear_board
2026-06-18 18:42:38+0800: = 
2026-06-18 18:42:41+0800: Controller: play black C7
2026-06-18 18:42:41+0800: = 
2026-06-18 18:42:41+0800: Controller: play black D6
2026-06-18 18:42:41+0800: = 
2026-06-18 18:42:41+0800: Controller: play black E5
2026-06-18 18:42:41+0800: = 
2026-06-18 18:42:41+0800: Controller: play black F4
2026-06-18 18:42:41+0800: = 
2026-06-18 18:42:41+0800: Controller: play black G3
2026-06-18 18:42:41+0800: = 
2026-06-18 18:42:41+0800: Controller: genmove white
2026-06-18 18:42:47+0800: MoveNum: 1 HASH: 03917F7FFCD2D9B99B277D09ADB53E71
   A B C D E F G H J
 9 . . . . . . . . .
 8 . . . . . . . . .
 7 . . X . . . . . .
 6 . . . X . . . . .
 5 . . . . X . . . .
 4 . . . . . X . . .
 3 . . @ . . . X1. .
 2 . . . . . . . . .
 1 . . . . . . . . .

koPOSITIONALscoreAREAtaxNONEsui1komi7.5
Time taken: 5.35937
Root visits: 505
New playouts: 505
NN rows: 481
NN batches: 161
NN avg batch size: 2.98758
PlayoutDoublingAdvantage: 2.75
PV: C3 B4 G7 H6 E3 F2 E7 D8
Tree:
: T -118.52c W -99.57c S -18.39c (-55.1 L -56.9) N     505  --  C3 B4 G7 H6 E3 F2 E7
---White(^)---
C3  : T -118.22c W -99.56c S -18.14c (-54.9 L -56.8) LCB -119.22c P 14.97% WF 456.2 PSV     456 N     462  --  C3 B4 G7 H6 E3 F2 E7 D8
C5  : T -123.15c W -99.76c S -22.79c (-57.4 L -58.8) LCB -130.83c P  6.10% WF   9.8 PSV      10 N      10  --  C5 C3 B7 C8
C4  : T -120.89c W -99.75c S -20.93c (-56.1 L -57.0) LCB -132.20c P  2.52% WF   7.9 PSV       7 N       8  --  C4 C2 G7
B3  : T -123.09c W -99.71c S -22.72c (-57.8 L -59.5) LCB -137.59c P  3.75% WF   6.9 PSV       6 N       7  --  B3 C2 G7 F8
B7  : T -119.44c W -99.72c S -18.82c (-54.4 L -56.0) LCB -135.24c P  1.11% WF   7.0 PSV       5 N       7  --  B7 B6 B5 C3 G7
B6  : T -121.94c W -99.70c S -21.98c (-57.4 L -58.9) LCB -149.68c P  2.11% WF   4.9 PSV       4 N       5  --  B6 C3 G7
B5  : T -122.60c W -99.74c S -22.42c (-57.1 L -58.5) LCB -196.44c P  1.81% WF   3.0 PSV       3 N       3  --  B5 C3 B3
D4  : T -121.81c W -99.77c S -21.54c (-56.2 L -57.4) LCB -270.76c P  0.87% WF   2.0 PSV       1 N       2  --  D4 C3

2026-06-18 18:42:47+0800: = C3
2026-06-18 18:42:47+0800: Controller: play black pass
2026-06-18 18:42:47+0800: = 
2026-06-18 18:42:47+0800: Controller: genmove white
2026-06-18 18:42:49+0800: MoveNum: 3 HASH: 58E2CAE9B15ED8E44F4A3047B351723B
   A B C D E F G H J
 9 . . . . . . . . .
 8 . . . . . . . . .
 7 . . X . . . @ . .
 6 . . . X . . . . .
 5 . . . . X . . . .
 4 . . . . . X . . .
 3 . . O2. . . X1. .
 2 . . . . . . . . .
 1 . . . . . . . . .

koPOSITIONALscoreAREAtaxNONEsui1komi7.5
Time taken: 2.11872
Root visits: 255
New playouts: 255
NN rows: 223
NN batches: 75
NN avg batch size: 2.97333
PlayoutDoublingAdvantage: 2.75
PV: G7 B4 G5 F8 G8 H5
Tree:
: T -119.59c W -99.84c S -19.57c (-32.3 L -32.8) N     255  --  G7 B4 G5 F8 G8 H5
---White(^)---
G7  : T -119.10c W -99.87c S -19.19c (-31.8 L -32.5) LCB -119.77c P 22.31% WF 125.4 PSV     158 N     125  --  G7 B4 G5 F8 G8 H5
C5  : T -119.97c W -99.81c S -19.81c (-32.4 L -32.9) LCB -121.39c P 16.71% WF  70.8 PSV      52 N      71  --  C5 D2 G7 F8 G5 G8
F7  : T -119.32c W -99.84c S -19.34c (-33.2 L -33.4) LCB -122.41c P  3.37% WF  19.0 PSV      15 N      19  --  F7 D2 G5 H7
B5  : T -120.05c W -99.82c S -20.13c (-32.0 L -32.6) LCB -122.92c P  4.70% WF  18.0 PSV      14 N      18  --  B5 D2 C2 B6 C5 E3
B6  : T -121.52c W -99.68c S -22.02c (-35.8 L -36.0) LCB -129.29c P  4.69% WF   9.9 PSV       8 N      10  --  B6 B4 C4 B5
E7  : T -121.00c W -99.78c S -20.33c (-33.0 L -33.4) LCB -140.48c P  2.20% WF   6.0 PSV       4 N       6  --  E7 B4 G7 H6 B3 E2
E8  : T -121.50c W -99.81c S -20.78c (-34.0 L -34.4) LCB -164.36c P  1.09% WF   4.0 PSV       1 N       4  --  E8 B4 G7
G8  : T -121.99c W -99.85c S -22.14c (-34.0 L -33.2) LCB -471.99c P  0.85% WF   1.0 PSV       1 N       1  --  G8
pss : T -132.80c W -99.55c S -33.25c (-57.3 L -59.5) LCB -1400.00c P  0.04% WF   0.0 PSV       0 N       1  --  pass

2026-06-18 18:42:49+0800: = G7
2026-06-18 18:42:49+0800: Controller: play black pass
2026-06-18 18:42:49+0800: = 
2026-06-18 18:42:49+0800: Controller: genmove white
2026-06-18 18:42:49+0800: MoveNum: 5 HASH: 35575AF1B97E6B4220BEA031BED341C3
   A B C D E F G H J
 9 . . . . . . . . .
 8 . . . . . . . . .
 7 . . X . . . O2. .
 6 . . . X . . . . .
 5 . . @ . X . . . .
 4 . . . . . X . . .
 3 . . O . . . X . .
 2 . . . . . . . . .
 1 . . . . . . . . .

koPOSITIONALscoreAREAtaxNONEsui1komi7.5
Time taken: 0.367254
Root visits: 130
New playouts: 130
NN rows: 128
NN batches: 44
NN avg batch size: 2.90909
PlayoutDoublingAdvantage: 2.75
PV: C5 D2 E7 C2 B8 B7
Tree:
: T -112.97c W -99.51c S -13.37c (-20.8 L -21.4) N     130  --  C5 D2 E7 C2 B8 B7
---White(^)---
C5  : T -112.25c W -99.49c S -12.65c (-20.3 L -21.0) LCB -113.66c P 20.94% WF  83.3 PSV      83 N      83  --  C5 D2 E7 C2 B8 B7
B5  : T -114.50c W -99.51c S -14.92c (-21.6 L -22.2) LCB -116.44c P 10.83% WF  26.8 PSV      15 N      27  --  B5 F8 E3 F2 G5 G8 E2
B6  : T -113.43c W -99.59c S -13.71c (-21.1 L -21.8) LCB -116.85c P  1.05% WF  14.7 PSV       2 N      15  --  B6 B4 C4 B5
B4  : T -117.07c W -99.40c S -18.11c (-24.3 L -24.6) LCB -266.02c P  2.22% WF   2.0 PSV       1 N       2  --  B4 D2
D4  : T -117.14c W -99.29c S -17.85c (-23.4 L -23.8) LCB -467.14c P  0.12% WF   1.0 PSV       0 N       1  --  D4
B7  : T -116.56c W -99.68c S -16.88c (-23.0 L -23.2) LCB -466.56c P  0.04% WF   0.8 PSV       0 N       1  --  B7
pss : T -126.81c W -99.93c S -26.87c (-31.4 L -30.6) LCB -1400.00c P  0.01% WF   0.0 PSV       0 N       1  --  pass

2026-06-18 18:42:49+0800: = C5
2026-06-18 18:42:49+0800: Controller: play black pass
2026-06-18 18:42:49+0800: = 
2026-06-18 18:42:49+0800: Controller: genmove white
2026-06-18 18:42:49+0800: MoveNum: 7 HASH: 2CA76E6D05C7A41C5A12A6DA6B45590D
   A B C D E F G H J
 9 . . . . . . . . .
 8 . . . . . . . . .
 7 . . X . @ . O . .
 6 . . . X . . . . .
 5 . . O2. X . . . .
 4 . . . . . X . . .
 3 . . O . . . X . .
 2 . . . . . . . . .
 1 . . . . . . . . .

koPOSITIONALscoreAREAtaxNONEsui1komi7.5
Time taken: 0.397658
Root visits: 129
New playouts: 129
NN rows: 130
NN batches: 45
NN avg batch size: 2.88889
PlayoutDoublingAdvantage: 2.75
PV: E8 D2 C6 D7 C2 F7 F8 H7 G6
Tree:
: T  11.72c W  17.01c S  -0.22c ( -0.5 L  -0.5) N     129  --  E8 D2 C6 D7 C2 F7 F8
---White(^)---
E8  : T  24.78c W  25.94c S   0.41c ( -0.2 L  -0.2) LCB    3.17c P 17.79% WF  64.4 PSV      60 N      61  --  E8 D2 C6 D7 C2 F7 F8 H7
E7  : T   4.97c W  12.75c S  -0.37c ( -0.6 L  -0.6) LCB  -21.67c P 43.08% WF  47.0 PSV      22 N      49  --  E7 H6 G6 H7 H5 G5 H8 H4
G5  : T -32.86c W   1.16c S  -1.55c ( -1.4 L  -1.1) LCB  -95.37c P 21.68% WF   4.1 PSV       4 N       5  --  G5 D2 C2 B5 B6
H5  : T -16.98c W  -5.10c S  -1.86c ( -1.5 L  -1.1) LCB  -55.82c P 12.78% WF   5.3 PSV       3 N       6  --  H5 D2 C2 B5 E3
F8  : T -26.85c W -23.42c S  -3.42c ( -2.5 L  -1.9) LCB -376.85c P  2.16% WF   0.9 PSV       0 N       1  --  F8
H6  : T -52.17c W -47.87c S  -4.30c ( -3.1 L  -2.7) LCB -402.17c P  1.73% WF   0.8 PSV       0 N       1  --  H6
C6  : T -92.66c W -84.32c S  -8.34c ( -5.5 L  -6.0) LCB -442.66c P  0.24% WF   0.4 PSV       0 N       1  --  C6
E3  : T -90.21c W -81.18c S  -9.03c ( -6.3 L  -6.6) LCB -440.21c P  0.17% WF   0.3 PSV       0 N       1  --  E3
D8  : T -47.27c W -43.88c S  -3.39c ( -2.7 L  -2.3) LCB -397.27c P  0.13% WF   0.3 PSV       0 N       1  --  D8
B6  : T -95.18c W -84.65c S -10.53c ( -7.1 L  -7.7) LCB -445.18c P  0.04% WF   0.1 PSV       0 N       1  --  B6

2026-06-18 18:42:49+0800: = E7
2026-06-18 18:42:49+0800: Controller: play black pass
2026-06-18 18:42:49+0800: = 
2026-06-18 18:42:49+0800: Controller: genmove white
2026-06-18 18:42:50+0800: MoveNum: 9 HASH: F544C171B65D4DF612A5F01A3D59FEAE
   A B C D E F G H J
 9 . . . . . . . . .
 8 . . . . . . . . .
 7 . . X . O2. O . .
 6 . @ . X . . . . .
 5 . . O . X . . . .
 4 . . . . . X . . .
 3 . . O . . . X . .
 2 . . . . . . . . .
 1 . . . . . . . . .

koPOSITIONALscoreAREAtaxNONEsui1komi7.5
Time taken: 0.360101
Root visits: 128
New playouts: 128
NN rows: 123
NN batches: 43
NN avg batch size: 2.86047
PlayoutDoublingAdvantage: 2.625
PV: B6 H6 H7 E8 D8
Tree:
: T 102.27c W  98.73c S   4.26c ( +9.7 L  +9.5) N     128  --  B6 H6 H7 E8 D8
---White(^)---
B6  : T 102.60c W  99.21c S   3.43c ( +9.2 L  +9.1) LCB   99.85c P  4.01% WF  22.0 PSV      57 N      22  --  B6 H6 H7 E8 D8
E2  : T 102.47c W  97.93c S   5.41c (+10.3 L +10.1) LCB   95.20c P 17.36% WF  27.0 PSV      27 N      27  --  E2 H6 G6 H5 H7 B4
E3  : T 102.57c W  99.01c S   5.52c (+10.3 L +10.0) LCB   98.90c P 23.99% WF  24.0 PSV      24 N      24  --  E3 D4 C4 H6 H7 E8 D8 F8
D2  : T 102.34c W  98.91c S   4.12c ( +9.6 L  +9.6) LCB   96.75c P  9.76% WF  25.0 PSV      15 N      25  --  D2 H6 H7 E8 D8 F8 F6
F2  : T 100.43c W  98.11c S   2.73c ( +8.9 L  +8.6) LCB   96.74c P  1.98% WF  15.6 PSV       1 N      17  --  F2 D2 D3 E2 E3
C6  : T 102.46c W  99.49c S   2.53c ( +8.8 L  +8.6) LCB   96.69c P  0.49% WF  12.0 PSV       0 N      12  --  C6 D7 H6 D2 C2 B7
pss : T  52.03c W  61.89c S  -9.86c ( +1.5 L  +0.9) LCB -1400.00c P  0.01% WF   0.0 PSV       0 N       1  --  pass

2026-06-18 18:42:50+0800: = B6
2026-06-18 18:43:20+0800: GPU -1 finishing, processed 1085 rows 368 batches
2026-06-18 18:43:20+0800: All cleaned up, quitting
